<?xml version="1.0" encoding="UTF-8"?>
<coverage generated="1540090212866" clover="3.2.0">
  <project timestamp="1540090212866" name="All files">
    <metrics statements="6" coveredstatements="6" conditionals="6" coveredconditionals="6" methods="3" coveredmethods="3" elements="15" coveredelements="15" complexity="0" loc="6" ncloc="6" packages="2" files="2" classes="2">
      <package name="i18n-react-json">
        <metrics statements="6" coveredstatements="6" conditionals="6" coveredconditionals="6" methods="3" coveredmethods="3"/>
        <file name="index.js" path="/Users/gaspar/development/i18n-react-json/index.js">
          <metrics statements="6" coveredstatements="6" conditionals="6" coveredconditionals="6" methods="3" coveredmethods="3"/>
          <line num="5" count="9" type="stmt"/>
          <line num="9" count="6" type="cond" truecount="2" falsecount="0"/>
          <line num="10" count="5" type="cond" truecount="2" falsecount="0"/>
          <line num="11" count="4" type="stmt"/>
          <line num="12" count="4" type="cond" truecount="2" falsecount="0"/>
          <line num="16" count="6" type="stmt"/>
        </file>
      </package>
      <package name="i18n-react-json.tests.locales">
        <metrics statements="0" coveredstatements="0" conditionals="0" coveredconditionals="0" methods="0" coveredmethods="0"/>
        <file name="index.js" path="/Users/gaspar/development/i18n-react-json/tests/locales/index.js">
          <metrics statements="0" coveredstatements="0" conditionals="0" coveredconditionals="0" methods="0" coveredmethods="0"/>
        </file>
      </package>
    </metrics>
  </project>
</coverage>
