{"/Users/gaspar/development/i18n-react-json/index.js": {"path":"/Users/gaspar/development/i18n-react-json/index.js","statementMap":{"0":{"start":{"line":5,"column":4},"end":{"line":5,"column":37}},"1":{"start":{"line":9,"column":4},"end":{"line":9,"column":44}},"2":{"start":{"line":9,"column":32},"end":{"line":9,"column":44}},"3":{"start":{"line":10,"column":4},"end":{"line":10,"column":63}},"4":{"start":{"line":10,"column":51},"end":{"line":10,"column":63}},"5":{"start":{"line":11,"column":24},"end":{"line":11,"column":56}},"6":{"start":{"line":12,"column":4},"end":{"line":12,"column":66}},"7":{"start":{"line":16,"column":4},"end":{"line":16,"column":29}}},"fnMap":{"0":{"name":"(anonymous_0)","decl":{"start":{"line":4,"column":2},"end":{"line":4,"column":3}},"loc":{"start":{"line":4,"column":28},"end":{"line":6,"column":3}},"line":4},"1":{"name":"(anonymous_1)","decl":{"start":{"line":8,"column":2},"end":{"line":8,"column":3}},"loc":{"start":{"line":8,"column":11},"end":{"line":13,"column":3}},"line":8},"2":{"name":"(anonymous_2)","decl":{"start":{"line":15,"column":2},"end":{"line":15,"column":3}},"loc":{"start":{"line":15,"column":22},"end":{"line":17,"column":3}},"line":15}},"branchMap":{"0":{"loc":{"start":{"line":9,"column":4},"end":{"line":9,"column":44}},"type":"if","locations":[{"start":{"line":9,"column":4},"end":{"line":9,"column":44}},{"start":{"line":9,"column":4},"end":{"line":9,"column":44}}],"line":9},"1":{"loc":{"start":{"line":10,"column":4},"end":{"line":10,"column":63}},"type":"if","locations":[{"start":{"line":10,"column":4},"end":{"line":10,"column":63}},{"start":{"line":10,"column":4},"end":{"line":10,"column":63}}],"line":10},"2":{"loc":{"start":{"line":12,"column":11},"end":{"line":12,"column":65}},"type":"cond-expr","locations":[{"start":{"line":12,"column":41},"end":{"line":12,"column":58}},{"start":{"line":12,"column":61},"end":{"line":12,"column":65}}],"line":12}},"s":{"0":9,"1":6,"2":1,"3":5,"4":1,"5":4,"6":4,"7":6},"f":{"0":9,"1":6,"2":6},"b":{"0":[1,5],"1":[1,4],"2":[3,1]},"_coverageSchema":"332fd63041d2c1bcb487cc26dd0d5f7d97098a6c","hash":"8d0381de21d9f6024ee24ed0d97144bdf68cd0d3"}
,"/Users/gaspar/development/i18n-react-json/tests/locales/index.js": {"path":"/Users/gaspar/development/i18n-react-json/tests/locales/index.js","statementMap":{},"fnMap":{},"branchMap":{},"s":{},"f":{},"b":{},"_coverageSchema":"332fd63041d2c1bcb487cc26dd0d5f7d97098a6c","hash":"feca86186863e119c06d5cd8c1b6f11029669164"}
}
